configure-iphone: DEVPATH is not specified, using /Applications/XCode.app/Contents/Developer/Platforms/iPhoneOS.platform/Developer
configure-iphone: IPHONESDK is not specified, choosing iPhoneOS14.5.sdk
configure-iphone: CC is not specified, choosing /Applications/XCode.app/Contents/Developer/Platforms/iPhoneOS.platform/Developer/../../../Toolchains/XcodeDefault.xctoolchain/usr/bin/clang
configure-iphone: CXX is not specified, using /Applications/XCode.app/Contents/Developer/Platforms/iPhoneOS.platform/Developer/../../../Toolchains/XcodeDefault.xctoolchain/usr/bin/clang
configure-iphone: calling ./aconfigure with env vars:
 MIN_IOS = -miphoneos-version-min=12.0
 CC = /Applications/XCode.app/Contents/Developer/Platforms/iPhoneOS.platform/Developer/../../../Toolchains/XcodeDefault.xctoolchain/usr/bin/clang
 CXX = /Applications/XCode.app/Contents/Developer/Platforms/iPhoneOS.platform/Developer/../../../Toolchains/XcodeDefault.xctoolchain/usr/bin/clang
 SDKPATH = /Applications/XCode.app/Contents/Developer/Platforms/iPhoneOS.platform/Developer/SDKs/iPhoneOS14.5.sdk
 CFLAGS = -miphoneos-version-min=12.0 -enable-epoll -fembed-bitcode -I/Users/tarasmarkevych/Desktop/My/vialer-ios/pjsip/external/ssl/include -I/Users/tarasmarkevych/Desktop/My/vialer-ios/pjsip/external/h264/include -miphoneos-version-min=12.0 -DPJ_SDK_NAME="\"iPhoneOS14.5.sdk\"" -arch arm64 -isysroot /Applications/XCode.app/Contents/Developer/Platforms/iPhoneOS.platform/Developer/SDKs/iPhoneOS14.5.sdk
 LDFLAGS =  -L/Users/tarasmarkevych/Desktop/My/vialer-ios/pjsip/external/ssl/lib -L/Users/tarasmarkevych/Desktop/My/vialer-ios/pjsip/external/h264/lib -lstdc++ -miphoneos-version-min=12.0 -arch arm64 -isysroot /Applications/XCode.app/Contents/Developer/Platforms/iPhoneOS.platform/Developer/SDKs/iPhoneOS14.5.sdk -framework AudioToolbox -framework Foundation
 AR = /Applications/XCode.app/Contents/Developer/Platforms/iPhoneOS.platform/Developer/../../../Toolchains/XcodeDefault.xctoolchain/usr/bin/libtool -static -o
 RANLIB = echo ranlib
 ARCH = arm64
checking build system type... x86_64-apple-darwin20.3.0
checking host system type... arm64-apple-darwin_ios
checking target system type... arm64-apple-darwin_ios
checking for arm64-apple-darwin_ios-gcc... /Applications/XCode.app/Contents/Developer/Platforms/iPhoneOS.platform/Developer/../../../Toolchains/XcodeDefault.xctoolchain/usr/bin/clang
checking whether the C compiler works... no
aconfigure: error: in `/Users/tarasmarkevych/Desktop/My/vialer-ios/pjsip/src':
aconfigure: error: C compiler cannot create executables
See `config.log' for more details
Makefile:1: build.mak: No such file or directory
Makefile:2: build/host-.mak: No such file or directory
make: *** No rule to make target `build/host-.mak'.  Stop.
Makefile:1: build.mak: No such file or directory
Makefile:2: build/host-.mak: No such file or directory
make: *** No rule to make target `build/host-.mak'.  Stop.
