./pjsip/src/pjmedia/lib/libpjmedia-arm64-apple-darwin_ios.a -> ./pjsip/temp/arm64/libpjmedia-arm64-apple-darwin_ios.a
./pjsip/src/pjmedia/lib/libpjmedia-audiodev-arm64-apple-darwin_ios.a -> ./pjsip/temp/arm64/libpjmedia-audiodev-arm64-apple-darwin_ios.a
./pjsip/src/pjmedia/lib/libpjsdp-arm64-apple-darwin_ios.a -> ./pjsip/temp/arm64/libpjsdp-arm64-apple-darwin_ios.a
./pjsip/src/pjmedia/lib/libpjmedia-videodev-arm64-apple-darwin_ios.a -> ./pjsip/temp/arm64/libpjmedia-videodev-arm64-apple-darwin_ios.a
./pjsip/src/pjmedia/lib/libpjmedia-codec-arm64-apple-darwin_ios.a -> ./pjsip/temp/arm64/libpjmedia-codec-arm64-apple-darwin_ios.a
./pjsip/src/pjsip/lib/libpjsua2-arm64-apple-darwin_ios.a -> ./pjsip/temp/arm64/libpjsua2-arm64-apple-darwin_ios.a
./pjsip/src/pjsip/lib/libpjsip-arm64-apple-darwin_ios.a -> ./pjsip/temp/arm64/libpjsip-arm64-apple-darwin_ios.a
./pjsip/src/pjsip/lib/libpjsip-ua-arm64-apple-darwin_ios.a -> ./pjsip/temp/arm64/libpjsip-ua-arm64-apple-darwin_ios.a
./pjsip/src/pjsip/lib/libpjsua-arm64-apple-darwin_ios.a -> ./pjsip/temp/arm64/libpjsua-arm64-apple-darwin_ios.a
./pjsip/src/pjsip/lib/libpjsip-simple-arm64-apple-darwin_ios.a -> ./pjsip/temp/arm64/libpjsip-simple-arm64-apple-darwin_ios.a
./pjsip/src/pjlib/lib/libpj-arm64-apple-darwin_ios.a -> ./pjsip/temp/arm64/libpj-arm64-apple-darwin_ios.a
./pjsip/src/pjlib-util/lib/libpjlib-util-arm64-apple-darwin_ios.a -> ./pjsip/temp/arm64/libpjlib-util-arm64-apple-darwin_ios.a
./pjsip/src/third_party/lib/libsrtp-arm64-apple-darwin_ios.a -> ./pjsip/temp/arm64/libsrtp-arm64-apple-darwin_ios.a
./pjsip/src/third_party/lib/libspeex-arm64-apple-darwin_ios.a -> ./pjsip/temp/arm64/libspeex-arm64-apple-darwin_ios.a
./pjsip/src/third_party/lib/libyuv-arm64-apple-darwin_ios.a -> ./pjsip/temp/arm64/libyuv-arm64-apple-darwin_ios.a
./pjsip/src/third_party/lib/libg7221codec-arm64-apple-darwin_ios.a -> ./pjsip/temp/arm64/libg7221codec-arm64-apple-darwin_ios.a
./pjsip/src/third_party/lib/libgsmcodec-arm64-apple-darwin_ios.a -> ./pjsip/temp/arm64/libgsmcodec-arm64-apple-darwin_ios.a
./pjsip/src/third_party/lib/libwebrtc-arm64-apple-darwin_ios.a -> ./pjsip/temp/arm64/libwebrtc-arm64-apple-darwin_ios.a
./pjsip/src/third_party/lib/libilbccodec-arm64-apple-darwin_ios.a -> ./pjsip/temp/arm64/libilbccodec-arm64-apple-darwin_ios.a
./pjsip/src/third_party/lib/libresample-arm64-apple-darwin_ios.a -> ./pjsip/temp/arm64/libresample-arm64-apple-darwin_ios.a
./pjsip/src/pjnath/lib/libpjnath-arm64-apple-darwin_ios.a -> ./pjsip/temp/arm64/libpjnath-arm64-apple-darwin_ios.a
